[2025-09-24 22:02:20] INFO: Application started
[2025-09-24 22:02:20] INFO: Request handled successfully {"method":"GET","uri":"\/","status":200}
[2025-09-24 22:02:24] INFO: Application started
[2025-09-24 22:02:24] INFO: Request handled successfully {"method":"GET","uri":"\/favicon.ico","status":404}
[2025-09-24 22:02:30] INFO: Application started
[2025-09-24 22:02:30] INFO: Request handled successfully {"method":"GET","uri":"\/about","status":200}
[2025-09-24 22:02:41] INFO: Application started
[2025-09-24 22:02:41] INFO: Request handled successfully {"method":"GET","uri":"\/","status":200}
[2025-09-24 22:03:37] INFO: Application started
[2025-09-24 22:03:46] INFO: Application started
[2025-09-24 22:03:46] INFO: Request handled successfully {"method":"GET","uri":"\/login","status":200}
[2025-09-24 22:07:53] INFO: Application started
[2025-09-24 22:07:53] INFO: Request handled successfully {"method":"GET","uri":"\/","status":200}
[2025-09-24 22:09:52] INFO: Application started
[2025-09-24 22:09:52] INFO: Request handled successfully {"method":"GET","uri":"\/","status":200}
[2025-09-24 22:10:03] INFO: Application started
[2025-09-24 22:10:03] INFO: Request handled successfully {"method":"GET","uri":"\/favicon.ico","status":404}
[2025-09-24 22:12:01] INFO: Application started
[2025-09-24 22:12:01] INFO: Request handled successfully {"method":"GET","uri":"\/","status":200}
[2025-09-24 22:12:03] INFO: Application started
[2025-09-24 22:12:03] INFO: Request handled successfully {"method":"GET","uri":"\/favicon.ico","status":404}
[2025-09-24 22:13:33] INFO: Application started
[2025-09-24 22:13:33] INFO: Request handled successfully {"method":"GET","uri":"\/","status":200}
[2025-09-24 22:13:35] INFO: Application started
[2025-09-24 22:13:35] INFO: Request handled successfully {"method":"GET","uri":"\/favicon.ico","status":404}
[2025-09-24 22:13:39] INFO: Application started
[2025-09-24 22:15:02] INFO: Application started
[2025-09-24 22:15:02] INFO: Request handled successfully {"method":"GET","uri":"\/posts","status":500}
[2025-09-24 22:15:02] INFO: Application started
[2025-09-24 22:15:02] INFO: Request handled successfully {"method":"GET","uri":"\/favicon.ico","status":404}
[2025-09-24 22:16:58] INFO: Application started
[2025-09-24 22:16:58] INFO: Request handled successfully {"method":"GET","uri":"\/posts","status":500}
[2025-09-24 22:17:20] INFO: Application started
[2025-09-24 22:17:20] INFO: Request handled successfully {"method":"GET","uri":"\/posts","status":500}
[2025-09-24 22:17:20] INFO: Application started
[2025-09-24 22:17:20] INFO: Request handled successfully {"method":"GET","uri":"\/favicon.ico","status":404}
[2025-09-24 22:17:25] INFO: Application started
[2025-09-24 22:17:25] INFO: Request handled successfully {"method":"GET","uri":"\/posts","status":500}
[2025-09-24 22:17:31] INFO: Application started
[2025-09-24 22:17:31] INFO: Request handled successfully {"method":"GET","uri":"\/login","status":200}
[2025-09-24 22:19:04] INFO: Application started
[2025-09-24 22:19:04] INFO: Request handled successfully {"method":"HEAD","uri":"\/","status":404}
[2025-09-24 22:19:54] INFO: Application started
[2025-09-24 22:19:54] INFO: Request handled successfully {"method":"GET","uri":"\/","status":200}
[2025-09-24 22:23:54] INFO: Application started
[2025-09-24 22:23:54] INFO: Request handled successfully {"method":"HEAD","uri":"\/","status":404}
[2025-09-24 22:24:37] INFO: Application started
[2025-09-24 22:24:37] INFO: Request handled successfully {"method":"HEAD","uri":"\/posts","status":404}
